c:\oop-4-term\arkanoid\arkanoid\x64\debug\vc143.pdb
c:\oop-4-term\arkanoid\arkanoid\x64\debug\vc143.idb
c:\oop-4-term\arkanoid\arkanoid\x64\debug\main.obj
c:\oop-4-term\arkanoid\arkanoid\x64\debug\gamedatastructs.obj
c:\oop-4-term\arkanoid\arkanoid\x64\debug\gameclasses.obj
c:\users\anila\onedrive\документы\github\oop-4-term\arkanoid\arkanoid\x64\debug\vc143.pdb
c:\users\anila\onedrive\документы\github\oop-4-term\arkanoid\arkanoid\x64\debug\vc143.idb
c:\users\anila\onedrive\документы\github\oop-4-term\arkanoid\arkanoid\x64\debug\main.obj
c:\users\anila\onedrive\документы\github\oop-4-term\arkanoid\arkanoid\x64\debug\gamedatastructs.obj
c:\users\anila\onedrive\документы\github\oop-4-term\arkanoid\arkanoid\x64\debug\gameclasses.obj
c:\oop-4-term\arkanoid\x64\debug\arkanoid.exe
c:\oop-4-term\arkanoid\arkanoid\x64\debug\arkanoid.ilk
c:\oop-4-term\arkanoid\x64\debug\arkanoid.pdb
c:\users\anila\onedrive\документы\github\oop-4-term\arkanoid\x64\debug\arkanoid.exe
c:\users\anila\onedrive\документы\github\oop-4-term\arkanoid\arkanoid\x64\debug\arkanoid.ilk
c:\users\anila\onedrive\документы\github\oop-4-term\arkanoid\x64\debug\arkanoid.pdb
c:\users\anila\onedrive\документы\github\oop-4-term\arkanoid\arkanoid\x64\debug\arkanoid.tlog\cl.command.1.tlog
c:\users\anila\onedrive\документы\github\oop-4-term\arkanoid\arkanoid\x64\debug\arkanoid.tlog\cl.read.1.tlog
c:\users\anila\onedrive\документы\github\oop-4-term\arkanoid\arkanoid\x64\debug\arkanoid.tlog\cl.write.1.tlog
c:\users\anila\onedrive\документы\github\oop-4-term\arkanoid\arkanoid\x64\debug\arkanoid.tlog\link.command.1.tlog
c:\users\anila\onedrive\документы\github\oop-4-term\arkanoid\arkanoid\x64\debug\arkanoid.tlog\link.read.1.tlog
c:\users\anila\onedrive\документы\github\oop-4-term\arkanoid\arkanoid\x64\debug\arkanoid.tlog\link.write.1.tlog
